{"/home/marseiji/projects/studiosol-numbers/src/components/Display/index.jsx": {"path":"/home/marseiji/projects/studiosol-numbers/src/components/Display/index.jsx","statementMap":{"0":{"start":{"line":4,"column":16},"end":{"line":6,"column":1}},"1":{"start":{"line":5,"column":2},"end":{"line":5,"column":61}}},"fnMap":{"0":{"name":"(anonymous_0)","decl":{"start":{"line":4,"column":16},"end":{"line":4,"column":17}},"loc":{"start":{"line":4,"column":22},"end":{"line":6,"column":1}},"line":4}},"branchMap":{},"s":{"0":1,"1":1},"f":{"0":1},"b":{},"_coverageSchema":"1a1c01bbd47fc00a2c39e90264f33305004495a9","hash":"0f1d661621bcbd8090f9b18664736bad69e530ad"}
}
